#! /usr/bin/vvp
:ivl_version "10.3 (stable)";
:ivl_delay_selection "TYPICAL";
:vpi_time_precision + 0;
:vpi_module "system";
:vpi_module "vhdl_sys";
:vpi_module "v2005_math";
:vpi_module "va_math";
S_0x56275deab0d0 .scope module, "Unstriping" "Unstriping" 2 1;
 .timescale 0 0;
    .port_info 0 /INPUT 1 "clk"
    .port_info 1 /OUTPUT 32 "data_out"
    .port_info 2 /OUTPUT 1 "valid_out"
    .port_info 3 /INPUT 1 "valid_in0"
    .port_info 4 /INPUT 1 "valid_in1"
    .port_info 5 /INPUT 1 "reset"
    .port_info 6 /INPUT 32 "lane_in0"
    .port_info 7 /INPUT 32 "lane_in1"
o0x7ff80309f018 .functor BUFZ 1, C4<z>; HiZ drive
v0x56275deab340_0 .net "clk", 0 0, o0x7ff80309f018;  0 drivers
v0x56275def9200_0 .var "data_out", 31 0;
v0x56275def92e0_0 .var "lane0", 31 0;
v0x56275def93a0_0 .var "lane1", 31 0;
o0x7ff80309f0d8 .functor BUFZ 32, C4<zzzzzzzzzzzzzzzzzzzzzzzzzzzzzzzz>; HiZ drive
v0x56275def9480_0 .net "lane_in0", 31 0, o0x7ff80309f0d8;  0 drivers
o0x7ff80309f108 .functor BUFZ 32, C4<zzzzzzzzzzzzzzzzzzzzzzzzzzzzzzzz>; HiZ drive
v0x56275def95b0_0 .net "lane_in1", 31 0, o0x7ff80309f108;  0 drivers
o0x7ff80309f138 .functor BUFZ 1, C4<z>; HiZ drive
v0x56275def9690_0 .net "reset", 0 0, o0x7ff80309f138;  0 drivers
v0x56275def9750_0 .var "selector", 0 0;
v0x56275def9810_0 .var "valid0", 0 0;
v0x56275def98d0_0 .var "valid1", 0 0;
o0x7ff80309f1f8 .functor BUFZ 1, C4<z>; HiZ drive
v0x56275def9990_0 .net "valid_in0", 0 0, o0x7ff80309f1f8;  0 drivers
o0x7ff80309f228 .functor BUFZ 1, C4<z>; HiZ drive
v0x56275def9a50_0 .net "valid_in1", 0 0, o0x7ff80309f228;  0 drivers
v0x56275def9b10_0 .var "valid_out", 0 0;
E_0x56275dee1640 .event posedge, v0x56275deab340_0;
E_0x56275dee0770/0 .event edge, v0x56275def9990_0, v0x56275def9750_0, v0x56275def9480_0, v0x56275def9a50_0;
E_0x56275dee0770/1 .event edge, v0x56275def95b0_0;
E_0x56275dee0770 .event/or E_0x56275dee0770/0, E_0x56275dee0770/1;
    .scope S_0x56275deab0d0;
T_0 ;
    %wait E_0x56275dee0770;
    %pushi/vec4 0, 0, 1;
    %store/vec4 v0x56275def9810_0, 0, 1;
    %pushi/vec4 0, 0, 1;
    %store/vec4 v0x56275def98d0_0, 0, 1;
    %pushi/vec4 0, 0, 32;
    %store/vec4 v0x56275def92e0_0, 0, 32;
    %pushi/vec4 0, 0, 32;
    %store/vec4 v0x56275def93a0_0, 0, 32;
    %load/vec4 v0x56275def9990_0;
    %pad/u 32;
    %cmpi/e 1, 0, 32;
    %jmp/0xz  T_0.0, 4;
    %load/vec4 v0x56275def9750_0;
    %pad/u 32;
    %cmpi/e 0, 0, 32;
    %jmp/0xz  T_0.2, 4;
    %load/vec4 v0x56275def9480_0;
    %store/vec4 v0x56275def92e0_0, 0, 32;
    %load/vec4 v0x56275def9990_0;
    %store/vec4 v0x56275def9810_0, 0, 1;
    %jmp T_0.3;
T_0.2 ;
    %load/vec4 v0x56275def9750_0;
    %pad/u 32;
    %cmpi/e 1, 0, 32;
    %jmp/0xz  T_0.4, 4;
    %pushi/vec4 0, 0, 32;
    %store/vec4 v0x56275def92e0_0, 0, 32;
    %pushi/vec4 0, 0, 1;
    %store/vec4 v0x56275def9810_0, 0, 1;
T_0.4 ;
T_0.3 ;
T_0.0 ;
    %load/vec4 v0x56275def9a50_0;
    %pad/u 32;
    %cmpi/e 1, 0, 32;
    %jmp/0xz  T_0.6, 4;
    %load/vec4 v0x56275def9750_0;
    %pad/u 32;
    %cmpi/e 1, 0, 32;
    %jmp/0xz  T_0.8, 4;
    %load/vec4 v0x56275def95b0_0;
    %store/vec4 v0x56275def93a0_0, 0, 32;
    %load/vec4 v0x56275def9a50_0;
    %store/vec4 v0x56275def98d0_0, 0, 1;
    %jmp T_0.9;
T_0.8 ;
    %load/vec4 v0x56275def9750_0;
    %pad/u 32;
    %cmpi/e 0, 0, 32;
    %jmp/0xz  T_0.10, 4;
    %pushi/vec4 0, 0, 32;
    %store/vec4 v0x56275def93a0_0, 0, 32;
    %pushi/vec4 0, 0, 1;
    %store/vec4 v0x56275def98d0_0, 0, 1;
T_0.10 ;
T_0.9 ;
T_0.6 ;
    %jmp T_0;
    .thread T_0, $push;
    .scope S_0x56275deab0d0;
T_1 ;
    %wait E_0x56275dee1640;
    %load/vec4 v0x56275def9690_0;
    %pad/u 32;
    %cmpi/e 1, 0, 32;
    %jmp/0xz  T_1.0, 4;
    %pushi/vec4 0, 0, 1;
    %assign/vec4 v0x56275def9750_0, 0;
    %pushi/vec4 0, 0, 32;
    %assign/vec4 v0x56275def9200_0, 0;
    %pushi/vec4 0, 0, 1;
    %assign/vec4 v0x56275def9b10_0, 0;
    %jmp T_1.1;
T_1.0 ;
    %load/vec4 v0x56275def9990_0;
    %pad/u 32;
    %cmpi/e 1, 0, 32;
    %jmp/0xz  T_1.2, 4;
    %load/vec4 v0x56275def9750_0;
    %pad/u 32;
    %cmpi/e 0, 0, 32;
    %jmp/0xz  T_1.4, 4;
    %load/vec4 v0x56275def92e0_0;
    %assign/vec4 v0x56275def9200_0, 0;
    %load/vec4 v0x56275def9810_0;
    %assign/vec4 v0x56275def9b10_0, 0;
    %pushi/vec4 1, 0, 1;
    %assign/vec4 v0x56275def9750_0, 0;
    %jmp T_1.5;
T_1.4 ;
    %load/vec4 v0x56275def9750_0;
    %pad/u 32;
    %pushi/vec4 1, 0, 32;
    %cmp/e;
    %flag_get/vec4 4;
    %load/vec4 v0x56275def9a50_0;
    %pad/u 32;
    %pushi/vec4 1, 0, 32;
    %cmp/e;
    %flag_get/vec4 4;
    %and;
    %flag_set/vec4 8;
    %jmp/0xz  T_1.6, 8;
    %load/vec4 v0x56275def93a0_0;
    %assign/vec4 v0x56275def9200_0, 0;
    %load/vec4 v0x56275def98d0_0;
    %assign/vec4 v0x56275def9b10_0, 0;
    %pushi/vec4 0, 0, 1;
    %assign/vec4 v0x56275def9750_0, 0;
T_1.6 ;
T_1.5 ;
    %jmp T_1.3;
T_1.2 ;
    %pushi/vec4 0, 0, 32;
    %assign/vec4 v0x56275def9200_0, 0;
    %pushi/vec4 0, 0, 1;
    %assign/vec4 v0x56275def9b10_0, 0;
    %pushi/vec4 0, 0, 1;
    %assign/vec4 v0x56275def9750_0, 0;
T_1.3 ;
T_1.1 ;
    %jmp T_1;
    .thread T_1;
# The file index is used to find the file name in the following table.
:file_names 3;
    "N/A";
    "<interactive>";
    "Unstriping.v";
