#! /usr/bin/vvp
:ivl_version "10.3 (stable)";
:ivl_delay_selection "TYPICAL";
:vpi_time_precision + 0;
:vpi_module "system";
:vpi_module "vhdl_sys";
:vpi_module "v2005_math";
:vpi_module "va_math";
S_0x562571b79100 .scope module, "Mux_Conductual" "Mux_Conductual" 2 1;
 .timescale 0 0;
    .port_info 0 /OUTPUT 2 "data_out"
    .port_info 1 /INPUT 1 "clok"
    .port_info 2 /INPUT 1 "reset_L"
    .port_info 3 /INPUT 1 "selector"
    .port_info 4 /INPUT 2 "data_in0"
    .port_info 5 /INPUT 2 "data_in1"
o0x7f7e93062018 .functor BUFZ 1, C4<z>; HiZ drive
v0x562571b79360_0 .net "clok", 0 0, o0x7f7e93062018;  0 drivers
o0x7f7e93062048 .functor BUFZ 2, C4<zz>; HiZ drive
v0x562571bbde30_0 .net "data_in0", 1 0, o0x7f7e93062048;  0 drivers
o0x7f7e93062078 .functor BUFZ 2, C4<zz>; HiZ drive
v0x562571bbdf10_0 .net "data_in1", 1 0, o0x7f7e93062078;  0 drivers
v0x562571bbdfd0_0 .var "data_out", 1 0;
o0x7f7e930620d8 .functor BUFZ 1, C4<z>; HiZ drive
v0x562571bbe0b0_0 .net "reset_L", 0 0, o0x7f7e930620d8;  0 drivers
v0x562571bbe1c0_0 .var "salida1", 1 0;
o0x7f7e93062138 .functor BUFZ 1, C4<z>; HiZ drive
v0x562571bbe2a0_0 .net "selector", 0 0, o0x7f7e93062138;  0 drivers
E_0x562571baf1d0 .event posedge, v0x562571b79360_0;
E_0x562571bae710 .event edge, v0x562571bbe2a0_0, v0x562571bbde30_0, v0x562571bbdf10_0;
    .scope S_0x562571b79100;
T_0 ;
    %wait E_0x562571bae710;
    %load/vec4 v0x562571bbe2a0_0;
    %pad/u 32;
    %cmpi/e 1, 0, 32;
    %jmp/0xz  T_0.0, 4;
    %load/vec4 v0x562571bbde30_0;
    %store/vec4 v0x562571bbe1c0_0, 0, 2;
    %jmp T_0.1;
T_0.0 ;
    %load/vec4 v0x562571bbdf10_0;
    %store/vec4 v0x562571bbe1c0_0, 0, 2;
T_0.1 ;
    %jmp T_0;
    .thread T_0, $push;
    .scope S_0x562571b79100;
T_1 ;
    %wait E_0x562571baf1d0;
    %load/vec4 v0x562571bbe0b0_0;
    %pad/u 32;
    %cmpi/e 1, 0, 32;
    %jmp/0xz  T_1.0, 4;
    %load/vec4 v0x562571bbe1c0_0;
    %assign/vec4 v0x562571bbdfd0_0, 0;
    %jmp T_1.1;
T_1.0 ;
    %pushi/vec4 0, 0, 2;
    %assign/vec4 v0x562571bbdfd0_0, 0;
T_1.1 ;
    %jmp T_1;
    .thread T_1;
# The file index is used to find the file name in the following table.
:file_names 3;
    "N/A";
    "<interactive>";
    "Mux_Conductual.v";
