#! /usr/bin/vvp
:ivl_version "10.3 (stable)";
:ivl_delay_selection "TYPICAL";
:vpi_time_precision + 0;
:vpi_module "system";
:vpi_module "vhdl_sys";
:vpi_module "v2005_math";
:vpi_module "va_math";
S_0x55672ecec130 .scope module, "probador6" "probador6" 2 1;
 .timescale 0 0;
    .port_info 0 /OUTPUT 1 "clok"
    .port_info 1 /OUTPUT 1 "valid1"
    .port_info 2 /OUTPUT 1 "valid2"
    .port_info 3 /OUTPUT 1 "reset_L"
    .port_info 4 /OUTPUT 1 "selector"
    .port_info 5 /OUTPUT 2 "data_in0"
    .port_info 6 /OUTPUT 2 "data_in1"
    .port_info 7 /OUTPUT 4 "bus1"
    .port_info 8 /OUTPUT 4 "bus2"
    .port_info 9 /INPUT 4 "out2"
    .port_info 10 /INPUT 1 "valid_out2"
    .port_info 11 /INPUT 2 "data_out"
    .port_info 12 /INPUT 1 "valid_out1"
    .port_info 13 /INPUT 1 "data_out_Estruc"
    .port_info 14 /INPUT 1 "valid_out1_Estruc"
v0x55672ecfefa0_0 .var "bus1", 3 0;
v0x55672ed3a650_0 .var "bus2", 3 0;
v0x55672ed3a730_0 .var "clok", 0 0;
v0x55672ed3a7d0_0 .var "data_in0", 1 0;
v0x55672ed3a8b0_0 .var "data_in1", 1 0;
o0x7fa64498f108 .functor BUFZ 2, C4<zz>; HiZ drive
v0x55672ed3a9e0_0 .net "data_out", 1 0, o0x7fa64498f108;  0 drivers
o0x7fa64498f138 .functor BUFZ 1, C4<z>; HiZ drive
v0x55672ed3aac0_0 .net "data_out_Estruc", 0 0, o0x7fa64498f138;  0 drivers
o0x7fa64498f168 .functor BUFZ 4, C4<zzzz>; HiZ drive
v0x55672ed3ab80_0 .net "out2", 3 0, o0x7fa64498f168;  0 drivers
v0x55672ed3ac60_0 .var "reset_L", 0 0;
v0x55672ed3ad20_0 .var "selector", 0 0;
v0x55672ed3ade0_0 .var "valid1", 0 0;
v0x55672ed3aea0_0 .var "valid2", 0 0;
o0x7fa64498f258 .functor BUFZ 1, C4<z>; HiZ drive
v0x55672ed3af60_0 .net "valid_out1", 0 0, o0x7fa64498f258;  0 drivers
o0x7fa64498f288 .functor BUFZ 1, C4<z>; HiZ drive
v0x55672ed3b020_0 .net "valid_out1_Estruc", 0 0, o0x7fa64498f288;  0 drivers
o0x7fa64498f2b8 .functor BUFZ 1, C4<z>; HiZ drive
v0x55672ed3b0e0_0 .net "valid_out2", 0 0, o0x7fa64498f2b8;  0 drivers
E_0x55672ececae0 .event posedge, v0x55672ed3a730_0;
    .scope S_0x55672ecec130;
T_0 ;
    %vpi_call 2 19 "$dumpfile", "Mux.vcd" {0 0 0};
    %vpi_call 2 20 "$dumpvars" {0 0 0};
    %vpi_call 2 21 "$display", "\011\011\011clok,\011valid1,\011valid2, \011reset_L,\011selector,\011data_in0,\011data_in1,\011data_out,\011valid_out1,\011bus1,\011bus2,\011out2,\011valid_out2" {0 0 0};
    %vpi_call 2 22 "$monitor", $time, "\011%b\011%b\011\011%b\011\011%b\011%b\011%b\011%b\011%b\011%b\011%b\011%b\011%b\011%b", v0x55672ed3a730_0, v0x55672ed3ade0_0, v0x55672ed3aea0_0, v0x55672ed3ac60_0, v0x55672ed3ad20_0, v0x55672ed3a7d0_0, v0x55672ed3a8b0_0, v0x55672ed3a9e0_0, v0x55672ed3af60_0, v0x55672ecfefa0_0, v0x55672ed3a650_0, v0x55672ed3ab80_0, v0x55672ed3b0e0_0 {0 0 0};
    %pushi/vec4 1, 0, 1;
    %store/vec4 v0x55672ed3ade0_0, 0, 1;
    %pushi/vec4 1, 0, 1;
    %store/vec4 v0x55672ed3aea0_0, 0, 1;
    %pushi/vec4 0, 0, 1;
    %store/vec4 v0x55672ed3ad20_0, 0, 1;
    %pushi/vec4 0, 0, 1;
    %store/vec4 v0x55672ed3ac60_0, 0, 1;
    %pushi/vec4 0, 0, 2;
    %store/vec4 v0x55672ed3a7d0_0, 0, 2;
    %pushi/vec4 0, 0, 2;
    %store/vec4 v0x55672ed3a8b0_0, 0, 2;
    %delay 7, 0;
    %pushi/vec4 1, 0, 1;
    %store/vec4 v0x55672ed3ac60_0, 0, 1;
    %pushi/vec4 16, 0, 32;
T_0.0 %dup/vec4;
    %pushi/vec4 0, 0, 32;
    %cmp/s;
    %jmp/1xz T_0.1, 5;
    %jmp/1 T_0.1, 4;
    %pushi/vec4 1, 0, 32;
    %sub;
    %wait E_0x55672ececae0;
    %load/vec4 v0x55672ed3ad20_0;
    %inv;
    %assign/vec4 v0x55672ed3ad20_0, 0;
    %load/vec4 v0x55672ed3a7d0_0;
    %addi 1, 0, 2;
    %assign/vec4 v0x55672ed3a7d0_0, 0;
    %load/vec4 v0x55672ed3a8b0_0;
    %subi 1, 0, 2;
    %assign/vec4 v0x55672ed3a8b0_0, 0;
    %load/vec4 v0x55672ed3ade0_0;
    %inv;
    %assign/vec4 v0x55672ed3ade0_0, 0;
    %load/vec4 v0x55672ed3aea0_0;
    %inv;
    %assign/vec4 v0x55672ed3aea0_0, 0;
    %load/vec4 v0x55672ecfefa0_0;
    %load/vec4 v0x55672ed3a650_0;
    %concat/vec4; draw_concat_vec4
    %addi 1, 0, 8;
    %split/vec4 4;
    %assign/vec4 v0x55672ed3a650_0, 0;
    %assign/vec4 v0x55672ecfefa0_0, 0;
    %jmp T_0.0;
T_0.1 ;
    %pop/vec4 1;
    %pushi/vec4 0, 0, 1;
    %store/vec4 v0x55672ed3ade0_0, 0, 1;
    %pushi/vec4 0, 0, 1;
    %store/vec4 v0x55672ed3aea0_0, 0, 1;
    %pushi/vec4 0, 0, 1;
    %store/vec4 v0x55672ed3ad20_0, 0, 1;
    %pushi/vec4 0, 0, 1;
    %store/vec4 v0x55672ed3ac60_0, 0, 1;
    %pushi/vec4 0, 0, 2;
    %store/vec4 v0x55672ed3a7d0_0, 0, 2;
    %pushi/vec4 0, 0, 2;
    %store/vec4 v0x55672ed3a8b0_0, 0, 2;
    %vpi_call 2 55 "$finish" {0 0 0};
    %end;
    .thread T_0;
    .scope S_0x55672ecec130;
T_1 ;
    %pushi/vec4 0, 0, 1;
    %assign/vec4 v0x55672ed3a730_0, 0;
    %end;
    .thread T_1;
    .scope S_0x55672ecec130;
T_2 ;
    %delay 1, 0;
    %load/vec4 v0x55672ed3a730_0;
    %inv;
    %assign/vec4 v0x55672ed3a730_0, 0;
    %jmp T_2;
    .thread T_2;
# The file index is used to find the file name in the following table.
:file_names 3;
    "N/A";
    "<interactive>";
    "probador6.v";
