#! /usr/bin/vvp
:ivl_version "10.3 (stable)";
:ivl_delay_selection "TYPICAL";
:vpi_time_precision + 0;
:vpi_module "system";
:vpi_module "vhdl_sys";
:vpi_module "v2005_math";
:vpi_module "va_math";
S_0x557029466130 .scope module, "Serial_Paralelo" "Serial_Paralelo" 2 1;
 .timescale 0 0;
    .port_info 0 /OUTPUT 8 "data_out_SP"
    .port_info 1 /OUTPUT 1 "valid_SP"
    .port_info 2 /OUTPUT 1 "active"
    .port_info 3 /INPUT 1 "clk_32f"
    .port_info 4 /INPUT 1 "data_in_SP"
    .port_info 5 /INPUT 1 "reset_L"
v0x557029466390_0 .var "active", 0 0;
o0x7faba4317048 .functor BUFZ 1, C4<z>; HiZ drive
v0x5570294b2f00_0 .net "clk_32f", 0 0, o0x7faba4317048;  0 drivers
v0x5570294b2fc0_0 .var "cont", 1 0;
o0x7faba43170a8 .functor BUFZ 1, C4<z>; HiZ drive
v0x5570294b3080_0 .net "data_in_SP", 0 0, o0x7faba43170a8;  0 drivers
v0x5570294b3140_0 .var "data_out_SP", 7 0;
v0x5570294b3270_0 .var "flag", 1 0;
v0x5570294b3350_0 .var "flag2", 0 0;
v0x5570294b3410_0 .var "i", 2 0;
v0x5570294b34f0_0 .var "inic", 7 0;
o0x7faba43171c8 .functor BUFZ 1, C4<z>; HiZ drive
v0x5570294b35d0_0 .net "reset_L", 0 0, o0x7faba43171c8;  0 drivers
v0x5570294b3690_0 .var "valid_SP", 0 0;
E_0x55702949bbe0 .event posedge, v0x5570294b2f00_0;
E_0x557029466b00 .event edge, v0x5570294b3080_0;
    .scope S_0x557029466130;
T_0 ;
    %wait E_0x557029466b00;
    %load/vec4 v0x5570294b3080_0;
    %pad/u 32;
    %cmpi/e 1, 0, 32;
    %jmp/0xz  T_0.0, 4;
    %pushi/vec4 1, 0, 1;
    %store/vec4 v0x5570294b3350_0, 0, 1;
T_0.0 ;
    %jmp T_0;
    .thread T_0, $push;
    .scope S_0x557029466130;
T_1 ;
    %wait E_0x55702949bbe0;
    %load/vec4 v0x5570294b35d0_0;
    %pad/u 32;
    %cmpi/e 0, 0, 32;
    %jmp/0xz  T_1.0, 4;
    %pushi/vec4 0, 0, 8;
    %assign/vec4 v0x5570294b34f0_0, 0;
    %pushi/vec4 0, 0, 8;
    %assign/vec4 v0x5570294b3140_0, 0;
    %pushi/vec4 0, 0, 1;
    %assign/vec4 v0x557029466390_0, 0;
    %pushi/vec4 3, 0, 2;
    %assign/vec4 v0x5570294b2fc0_0, 0;
    %pushi/vec4 7, 0, 3;
    %assign/vec4 v0x5570294b3410_0, 0;
    %pushi/vec4 3, 0, 2;
    %assign/vec4 v0x5570294b3270_0, 0;
    %pushi/vec4 0, 0, 1;
    %assign/vec4 v0x5570294b3350_0, 0;
T_1.0 ;
    %load/vec4 v0x5570294b3080_0;
    %pad/u 8;
    %assign/vec4 v0x5570294b3140_0, 0;
    %load/vec4 v0x5570294b35d0_0;
    %pad/u 32;
    %pushi/vec4 1, 0, 32;
    %cmp/e;
    %flag_get/vec4 4;
    %load/vec4 v0x5570294b3350_0;
    %pad/u 32;
    %pushi/vec4 1, 0, 32;
    %cmp/e;
    %flag_get/vec4 4;
    %and;
    %load/vec4 v0x557029466390_0;
    %pad/u 32;
    %pushi/vec4 0, 0, 32;
    %cmp/e;
    %flag_get/vec4 4;
    %and;
    %flag_set/vec4 8;
    %jmp/0xz  T_1.2, 8;
    %load/vec4 v0x5570294b3080_0;
    %ix/load 5, 0, 0;
    %ix/getv 4, v0x5570294b3410_0;
    %assign/vec4/off/d v0x5570294b34f0_0, 4, 5;
    %load/vec4 v0x5570294b3410_0;
    %subi 1, 0, 3;
    %assign/vec4 v0x5570294b3410_0, 0;
    %load/vec4 v0x5570294b34f0_0;
    %pad/u 32;
    %cmpi/e 188, 0, 32;
    %jmp/0xz  T_1.4, 4;
    %load/vec4 v0x5570294b2fc0_0;
    %subi 1, 0, 2;
    %assign/vec4 v0x5570294b2fc0_0, 0;
    %pushi/vec4 0, 0, 8;
    %assign/vec4 v0x5570294b34f0_0, 0;
    %load/vec4 v0x5570294b3270_0;
    %addi 1, 0, 2;
    %assign/vec4 v0x5570294b3270_0, 0;
T_1.4 ;
T_1.2 ;
    %load/vec4 v0x5570294b2fc0_0;
    %pad/u 32;
    %pushi/vec4 3, 0, 32;
    %cmp/e;
    %flag_get/vec4 4;
    %load/vec4 v0x5570294b3270_0;
    %pad/u 32;
    %pushi/vec4 0, 0, 32;
    %cmp/e;
    %flag_get/vec4 4;
    %and;
    %flag_set/vec4 8;
    %jmp/0xz  T_1.6, 8;
    %pushi/vec4 0, 0, 2;
    %assign/vec4 v0x5570294b2fc0_0, 0;
    %pushi/vec4 1, 0, 1;
    %assign/vec4 v0x557029466390_0, 0;
    %pushi/vec4 0, 0, 2;
    %assign/vec4 v0x5570294b3270_0, 0;
T_1.6 ;
    %load/vec4 v0x5570294b3410_0;
    %pad/u 32;
    %cmpi/ne 7, 0, 32;
    %jmp/0xz  T_1.8, 4;
    %load/vec4 v0x5570294b3080_0;
    %ix/load 5, 0, 0;
    %ix/getv 4, v0x5570294b3410_0;
    %assign/vec4/off/d v0x5570294b34f0_0, 4, 5;
    %load/vec4 v0x5570294b3410_0;
    %subi 1, 0, 3;
    %assign/vec4 v0x5570294b3410_0, 0;
T_1.8 ;
    %load/vec4 v0x5570294b34f0_0;
    %pad/u 32;
    %pushi/vec4 188, 0, 32;
    %cmp/e;
    %flag_get/vec4 4;
    %inv;
    %load/vec4 v0x5570294b3410_0;
    %pad/u 32;
    %pushi/vec4 0, 0, 32;
    %cmp/e;
    %flag_get/vec4 4;
    %and;
    %flag_set/vec4 8;
    %jmp/0xz  T_1.10, 8;
    %load/vec4 v0x5570294b34f0_0;
    %assign/vec4 v0x5570294b3140_0, 0;
    %pushi/vec4 0, 0, 8;
    %assign/vec4 v0x5570294b34f0_0, 0;
    %pushi/vec4 1, 0, 1;
    %store/vec4 v0x5570294b3690_0, 0, 1;
    %jmp T_1.11;
T_1.10 ;
    %pushi/vec4 0, 0, 8;
    %assign/vec4 v0x5570294b34f0_0, 0;
    %pushi/vec4 0, 0, 1;
    %store/vec4 v0x5570294b3690_0, 0, 1;
T_1.11 ;
    %jmp T_1;
    .thread T_1;
# The file index is used to find the file name in the following table.
:file_names 3;
    "N/A";
    "<interactive>";
    "Serial_Paralelo.v";
